-------------------------------------------------------------------------------
Test set: com.serviciosalud.demo.AppSaludProyectoFinalApplicationTests
-------------------------------------------------------------------------------
Tests run: 1, Failures: 0, Errors: 1, Skipped: 0, Time elapsed: 8.479 s <<< FAILURE! - in com.serviciosalud.demo.AppSaludProyectoFinalApplicationTests
contextLoads  Time elapsed: 0.007 s  <<< ERROR!
java.lang.IllegalStateException: Failed to load ApplicationContext
Caused by: org.springframework.beans.factory.BeanCreationException: Error creating bean with name 'springSecurityFilterChain' defined in class path resource [org/springframework/security/config/annotation/web/configuration/WebSecurityConfiguration.class]: Bean instantiation via factory method failed; nested exception is org.springframework.beans.BeanInstantiationException: Failed to instantiate [javax.servlet.Filter]: Factory method 'springSecurityFilterChain' threw exception; nested exception is java.lang.NoClassDefFoundError: org/springframework/security/web/session/DisableEncodeUrlFilter
Caused by: org.springframework.beans.BeanInstantiationException: Failed to instantiate [javax.servlet.Filter]: Factory method 'springSecurityFilterChain' threw exception; nested exception is java.lang.NoClassDefFoundError: org/springframework/security/web/session/DisableEncodeUrlFilter
Caused by: java.lang.NoClassDefFoundError: org/springframework/security/web/session/DisableEncodeUrlFilter
Caused by: java.lang.ClassNotFoundException: org.springframework.security.web.session.DisableEncodeUrlFilter

